
o8core, 2.0.11
author: Emery Conrad
build date: Jan 14 2011, 13:23:16

[Sun Feb 13 21:19:01 2022]: creating logfile o8core_44_21_18_59.log
[Sun Feb 13 21:19:01 2022]: initializing link on port 28472
[Sun Feb 13 21:19:01 2022]: initializing winsock library
[Sun Feb 13 21:19:01 2022]: link port is 28472
[Sun Feb 13 21:19:01 2022]: port 28472 is bound
[Sun Feb 13 21:19:01 2022]: listening on port 28472
[Sun Feb 13 21:19:01 2022]: link outfifo: starting thread
[Sun Feb 13 21:19:01 2022]: link outfifo: thread started
[Sun Feb 13 21:19:01 2022]: o8core link: starting thread
[Sun Feb 13 21:19:01 2022]: o8core link: thread started
[Sun Feb 13 21:19:01 2022]: accepted socket connection on port 1309
[Sun Feb 13 21:19:01 2022]: link received initialization message, reading in 1878 bytes of model text
[Sun Feb 13 21:19:01 2022]: ignoring o8mi tag in model init
[Sun Feb 13 21:20:09 2022]: link received run message, reading in 2205 bytes of o8r text
[Sun Feb 13 21:20:09 2022]: ignoring notes in o8r
[Sun Feb 13 21:20:09 2022]: ignoring plots in o8r
[Sun Feb 13 21:20:09 2022]: running...
[Sun Feb 13 21:20:09 2022]: running a one parameter bifurcation
[Sun Feb 13 21:20:09 2022]: ignoring xprops
[Sun Feb 13 21:20:09 2022]: solving for steady state
[Sun Feb 13 21:20:09 2022]: trying newton's method
[Sun Feb 13 21:20:09 2022]: try solving time series
[Sun Feb 13 21:20:09 2022]: reached stable steady state
[Sun Feb 13 21:20:09 2022]: continuing Vx
[Sun Feb 13 21:20:09 2022]: LibAUTO: starting thread
[Sun Feb 13 21:20:09 2022]: LibAUTO: thread started
[Sun Feb 13 21:20:09 2022]: LibAUTO run time: 0.165 s
[Sun Feb 13 21:20:10 2022]: LibAUTO: starting thread
[Sun Feb 13 21:20:10 2022]: LibAUTO: thread started
[Sun Feb 13 21:20:10 2022]: LibAUTO run time: 0.047 s
[Sun Feb 13 21:20:10 2022]: returning 22044 data bytes to client
[Sun Feb 13 21:20:10 2022]: Vx took 0.352 seconds (0.352 for actual continuation)
[Sun Feb 13 21:20:10 2022]: run complete (0.352 s)
[Sun Feb 13 21:20:10 2022]: done running
[Sun Feb 13 21:20:10 2022]: returning (roughly) 2009 log bytes to client
[Sun Feb 13 21:20:34 2022]: link received run message, reading in 2205 bytes of o8r text
[Sun Feb 13 21:20:34 2022]: ignoring notes in o8r
[Sun Feb 13 21:20:34 2022]: ignoring plots in o8r
[Sun Feb 13 21:20:34 2022]: running...
[Sun Feb 13 21:20:34 2022]: running a one parameter bifurcation
[Sun Feb 13 21:20:34 2022]: ignoring xprops
[Sun Feb 13 21:20:34 2022]: solving for steady state
[Sun Feb 13 21:20:34 2022]: trying newton's method
[Sun Feb 13 21:20:34 2022]: try solving time series
[Sun Feb 13 21:20:34 2022]: reached stable steady state
[Sun Feb 13 21:20:34 2022]: continuing Vx
[Sun Feb 13 21:20:34 2022]: LibAUTO: starting thread
[Sun Feb 13 21:20:34 2022]: LibAUTO: thread started
[Sun Feb 13 21:20:34 2022]: LibAUTO run time: 0.157 s
[Sun Feb 13 21:20:34 2022]: LibAUTO: starting thread
[Sun Feb 13 21:20:34 2022]: LibAUTO: thread started
[Sun Feb 13 21:20:34 2022]: LibAUTO run time: 0.015 s
[Sun Feb 13 21:20:34 2022]: returning 18392 data bytes to client
[Sun Feb 13 21:20:34 2022]: Vx took 0.36 seconds (0.36 for actual continuation)
[Sun Feb 13 21:20:34 2022]: run complete (0.36 s)
[Sun Feb 13 21:20:34 2022]: done running
[Sun Feb 13 21:20:34 2022]: returning (roughly) 1144 log bytes to client
[Sun Feb 13 21:22:51 2022]: link received quit message, exiting.
[Sun Feb 13 21:22:51 2022]: link outfifo: waiting for thread to finish...
[Sun Feb 13 21:22:51 2022]: link outfifo run time: 229.969 s
[Sun Feb 13 21:22:51 2022]: o8core link run time: 229.969 s
[Sun Feb 13 21:22:51 2022]: link outfifo: 40436 bytes in, 40436 bytes out
[Sun Feb 13 21:22:51 2022]: all done!
