
o8core, 2.0.11
author: Emery Conrad
build date: Jan 14 2011, 13:23:16

[Thu Feb 17 11:23:02 2022]: creating logfile o8core_48_11_23_2.log
[Thu Feb 17 11:23:03 2022]: initializing link on port 28472
[Thu Feb 17 11:23:03 2022]: initializing winsock library
[Thu Feb 17 11:23:03 2022]: link port is 28472
[Thu Feb 17 11:23:03 2022]: port 28472 is bound
[Thu Feb 17 11:23:03 2022]: listening on port 28472
[Thu Feb 17 11:23:03 2022]: link outfifo: starting thread
[Thu Feb 17 11:23:03 2022]: link outfifo: thread started
[Thu Feb 17 11:23:03 2022]: o8core link: starting thread
[Thu Feb 17 11:23:03 2022]: o8core link: thread started
[Thu Feb 17 11:23:03 2022]: accepted socket connection on port 1590
[Thu Feb 17 11:23:03 2022]: link received initialization message, reading in 1878 bytes of model text
[Thu Feb 17 11:23:03 2022]: ignoring o8mi tag in model init
[Thu Feb 17 12:42:59 2022]: link received run message, reading in 2204 bytes of o8r text
[Thu Feb 17 12:42:59 2022]: ignoring notes in o8r
[Thu Feb 17 12:42:59 2022]: ignoring plots in o8r
[Thu Feb 17 12:42:59 2022]: running...
[Thu Feb 17 12:42:59 2022]: running a one parameter bifurcation
[Thu Feb 17 12:42:59 2022]: ignoring xprops
[Thu Feb 17 12:42:59 2022]: solving for steady state
[Thu Feb 17 12:42:59 2022]: trying newton's method
[Thu Feb 17 12:42:59 2022]: try solving time series
[Thu Feb 17 12:42:59 2022]: WARNING: time course run didn't find a stable steady state
[Thu Feb 17 12:42:59 2022]: trying newton's method again to hone in
[Thu Feb 17 12:42:59 2022]: continuing Vx
[Thu Feb 17 12:42:59 2022]: LibAUTO: starting thread
[Thu Feb 17 12:42:59 2022]: LibAUTO: thread started
[Thu Feb 17 12:42:59 2022]: LibAUTO run time: 0.042 s
[Thu Feb 17 12:42:59 2022]: LibAUTO: starting thread
[Thu Feb 17 12:42:59 2022]: LibAUTO: thread started
[Thu Feb 17 12:43:00 2022]: LibAUTO run time: 0.129 s
[Thu Feb 17 12:43:00 2022]: returning 20812 data bytes to client
[Thu Feb 17 12:43:00 2022]: Vx took 0.368 seconds (0.368 for actual continuation)
[Thu Feb 17 12:43:00 2022]: run complete (0.397 s)
[Thu Feb 17 12:43:00 2022]: done running
[Thu Feb 17 12:43:00 2022]: returning (roughly) 2107 log bytes to client
[Thu Feb 17 12:45:19 2022]: link received run message, reading in 2203 bytes of o8r text
[Thu Feb 17 12:45:19 2022]: ignoring notes in o8r
[Thu Feb 17 12:45:19 2022]: ignoring plots in o8r
[Thu Feb 17 12:45:19 2022]: running...
[Thu Feb 17 12:45:19 2022]: running a one parameter bifurcation
[Thu Feb 17 12:45:19 2022]: ignoring xprops
[Thu Feb 17 12:45:19 2022]: solving for steady state
[Thu Feb 17 12:45:19 2022]: trying newton's method
[Thu Feb 17 12:45:19 2022]: try solving time series
[Thu Feb 17 12:45:19 2022]: WARNING: time course run didn't find a stable steady state
[Thu Feb 17 12:45:19 2022]: trying newton's method again to hone in
[Thu Feb 17 12:45:19 2022]: continuing Vx
[Thu Feb 17 12:45:19 2022]: LibAUTO: starting thread
[Thu Feb 17 12:45:19 2022]: LibAUTO: thread started
[Thu Feb 17 12:45:19 2022]: LibAUTO run time: 0.037 s
[Thu Feb 17 12:45:19 2022]: LibAUTO: starting thread
[Thu Feb 17 12:45:19 2022]: LibAUTO: thread started
[Thu Feb 17 12:45:20 2022]: LibAUTO run time: 0.123 s
[Thu Feb 17 12:45:20 2022]: returning 20328 data bytes to client
[Thu Feb 17 12:45:20 2022]: Vx took 0.345 seconds (0.345 for actual continuation)
[Thu Feb 17 12:45:20 2022]: run complete (0.374 s)
[Thu Feb 17 12:45:20 2022]: done running
[Thu Feb 17 12:45:20 2022]: returning (roughly) 1246 log bytes to client
[Thu Feb 17 12:45:58 2022]: link received run message, reading in 2169 bytes of o8r text
[Thu Feb 17 12:45:58 2022]: ignoring notes in o8r
[Thu Feb 17 12:45:58 2022]: ignoring plots in o8r
[Thu Feb 17 12:45:58 2022]: running...
[Thu Feb 17 12:45:58 2022]: running limit cycle continuation
[Thu Feb 17 12:45:58 2022]: running for par=Vx, label=3
[Thu Feb 17 12:45:58 2022]: LibAUTO: starting thread
[Thu Feb 17 12:45:58 2022]: LibAUTO: thread started
[Thu Feb 17 12:49:28 2022]: LibAUTO run time: 210.509 s
[Thu Feb 17 12:49:28 2022]: returning 152 data bytes to client
(210.602 seconds) 
[Thu Feb 17 12:49:28 2022]: run complete (210.604 s)
[Thu Feb 17 12:49:28 2022]: done running
[Thu Feb 17 12:49:28 2022]: returning (roughly) 682 log bytes to client
[Thu Feb 17 12:50:45 2022]: link received run message, reading in 2122 bytes of o8r text
[Thu Feb 17 12:50:45 2022]: ignoring notes in o8r
[Thu Feb 17 12:50:45 2022]: ignoring plots in o8r
[Thu Feb 17 12:50:45 2022]: running...
[Thu Feb 17 12:50:45 2022]: running a time series
[Thu Feb 17 12:50:45 2022]: will run for 250 time units, 500 points
[Thu Feb 17 12:50:45 2022]: returning 16032 data bytes to client
[Thu Feb 17 12:50:45 2022]: run complete (0.003 s)
[Thu Feb 17 12:50:45 2022]: done running
[Thu Feb 17 12:50:45 2022]: returning (roughly) 503 log bytes to client
[Thu Feb 17 12:52:34 2022]: link received run message, reading in 2122 bytes of o8r text
[Thu Feb 17 12:52:34 2022]: ignoring notes in o8r
[Thu Feb 17 12:52:34 2022]: ignoring plots in o8r
[Thu Feb 17 12:52:34 2022]: running...
[Thu Feb 17 12:52:34 2022]: running a time series
[Thu Feb 17 12:52:34 2022]: will run for 500 time units, 500 points
[Thu Feb 17 12:52:34 2022]: returning 16032 data bytes to client
[Thu Feb 17 12:52:34 2022]: run complete (0.003 s)
[Thu Feb 17 12:52:34 2022]: done running
[Thu Feb 17 12:52:34 2022]: returning (roughly) 503 log bytes to client
[Thu Feb 17 12:59:42 2022]: link received run message, reading in 2124 bytes of o8r text
[Thu Feb 17 12:59:42 2022]: ignoring notes in o8r
[Thu Feb 17 12:59:42 2022]: ignoring plots in o8r
[Thu Feb 17 12:59:42 2022]: running...
[Thu Feb 17 12:59:42 2022]: running a time series
[Thu Feb 17 12:59:42 2022]: will run for 1000 time units, 1000 points
[Thu Feb 17 12:59:42 2022]: returning 32032 data bytes to client
[Thu Feb 17 12:59:42 2022]: run complete (0.004 s)
[Thu Feb 17 12:59:42 2022]: done running
[Thu Feb 17 12:59:42 2022]: returning (roughly) 505 log bytes to client
[Thu Feb 17 13:44:46 2022]: link received run message, reading in 2215 bytes of o8r text
[Thu Feb 17 13:44:46 2022]: ignoring notes in o8r
[Thu Feb 17 13:44:46 2022]: ignoring plots in o8r
[Thu Feb 17 13:44:46 2022]: running...
[Thu Feb 17 13:44:46 2022]: running a one parameter bifurcation
[Thu Feb 17 13:44:46 2022]: ignoring xprops
[Thu Feb 17 13:44:46 2022]: solving for steady state
[Thu Feb 17 13:44:46 2022]: trying newton's method
[Thu Feb 17 13:44:46 2022]: try solving time series
[Thu Feb 17 13:44:46 2022]: reached stable steady state
[Thu Feb 17 13:44:46 2022]: continuing Vy1
[Thu Feb 17 13:44:46 2022]: LibAUTO: starting thread
[Thu Feb 17 13:44:46 2022]: LibAUTO: thread started
[Thu Feb 17 13:44:47 2022]: LibAUTO run time: 0.1 s
[Thu Feb 17 13:44:47 2022]: LibAUTO: starting thread
[Thu Feb 17 13:44:47 2022]: LibAUTO: thread started
[Thu Feb 17 13:44:47 2022]: LibAUTO run time: 0.085 s
[Thu Feb 17 13:44:47 2022]: returning 20724 data bytes to client
[Thu Feb 17 13:44:47 2022]: Vy1 took 0.226 seconds (0.226 for actual continuation)
[Thu Feb 17 13:44:47 2022]: run complete (0.228 s)
[Thu Feb 17 13:44:47 2022]: done running
[Thu Feb 17 13:44:47 2022]: returning (roughly) 1147 log bytes to client
[Thu Feb 17 13:46:07 2022]: link received run message, reading in 2221 bytes of o8r text
[Thu Feb 17 13:46:07 2022]: ignoring notes in o8r
[Thu Feb 17 13:46:07 2022]: ignoring plots in o8r
[Thu Feb 17 13:46:07 2022]: running...
[Thu Feb 17 13:46:07 2022]: running a one parameter bifurcation
[Thu Feb 17 13:46:07 2022]: ignoring xprops
[Thu Feb 17 13:46:07 2022]: solving for steady state
[Thu Feb 17 13:46:07 2022]: trying newton's method
[Thu Feb 17 13:46:07 2022]: try solving time series
[Thu Feb 17 13:46:07 2022]: reached stable steady state
[Thu Feb 17 13:46:07 2022]: continuing Vy1
[Thu Feb 17 13:46:07 2022]: LibAUTO: starting thread
[Thu Feb 17 13:46:07 2022]: LibAUTO: thread started
[Thu Feb 17 13:46:07 2022]: LibAUTO run time: 0.223 s
[Thu Feb 17 13:46:07 2022]: LibAUTO: starting thread
[Thu Feb 17 13:46:07 2022]: LibAUTO: thread started
[Thu Feb 17 13:46:07 2022]: LibAUTO run time: 0.034 s
[Thu Feb 17 13:46:07 2022]: returning 23760 data bytes to client
[Thu Feb 17 13:46:07 2022]: Vy1 took 0.466 seconds (0.466 for actual continuation)
[Thu Feb 17 13:46:07 2022]: run complete (0.467 s)
[Thu Feb 17 13:46:07 2022]: done running
[Thu Feb 17 13:46:07 2022]: returning (roughly) 1149 log bytes to client
[Thu Feb 17 20:37:26 2022]: link received quit message, exiting.
[Thu Feb 17 20:37:26 2022]: link outfifo: waiting for thread to finish...
[Thu Feb 17 20:37:26 2022]: o8core link run time: 33263.6 s
[Thu Feb 17 20:37:26 2022]: link outfifo run time: 33263.6 s
[Thu Feb 17 20:37:26 2022]: link outfifo: 149872 bytes in, 149872 bytes out
[Thu Feb 17 20:37:26 2022]: all done!
