
o8core, 2.0.11
author: Emery Conrad
build date: Jan 14 2011, 13:23:16

[Fri Feb 18 10:04:11 2022]: creating logfile o8core_49_10_4_11.log
[Fri Feb 18 10:04:11 2022]: initializing link on port 28472
[Fri Feb 18 10:04:11 2022]: initializing winsock library
[Fri Feb 18 10:04:11 2022]: link port is 28472
[Fri Feb 18 10:04:11 2022]: port 28472 is bound
[Fri Feb 18 10:04:11 2022]: listening on port 28472
[Fri Feb 18 10:04:11 2022]: link outfifo: starting thread
[Fri Feb 18 10:04:11 2022]: link outfifo: thread started
[Fri Feb 18 10:04:11 2022]: o8core link: starting thread
[Fri Feb 18 10:04:11 2022]: o8core link: thread started
[Fri Feb 18 10:04:12 2022]: accepted socket connection on port 11530
[Fri Feb 18 10:04:12 2022]: link received initialization message, reading in 1878 bytes of model text
[Fri Feb 18 10:04:12 2022]: ignoring o8mi tag in model init
[Fri Feb 18 10:31:07 2022]: link received quit message, exiting.
[Fri Feb 18 10:31:08 2022]: link outfifo: waiting for thread to finish...
[Fri Feb 18 10:31:08 2022]: o8core link run time: 1616.07 s
[Fri Feb 18 10:31:08 2022]: link outfifo run time: 1616.08 s
[Fri Feb 18 10:31:08 2022]: link outfifo: 0 bytes in, 0 bytes out
[Fri Feb 18 10:31:08 2022]: all done!
