
o8core, 2.0.11
author: Emery Conrad
build date: Jan 14 2011, 13:23:16

[Wed Dec 08 15:01:00 2021]: creating logfile o8core_342_15_1_0.log
[Wed Dec 08 15:01:00 2021]: initializing link on port 28472
[Wed Dec 08 15:01:00 2021]: initializing winsock library
[Wed Dec 08 15:01:00 2021]: link port is 28472
[Wed Dec 08 15:01:00 2021]: port 28472 is bound
[Wed Dec 08 15:01:00 2021]: listening on port 28472
[Wed Dec 08 15:01:00 2021]: link outfifo: starting thread
[Wed Dec 08 15:01:00 2021]: link outfifo: thread started
[Wed Dec 08 15:01:00 2021]: o8core link: starting thread
[Wed Dec 08 15:01:00 2021]: o8core link: thread started
[Wed Dec 08 15:01:00 2021]: accepted socket connection on port 11315
[Wed Dec 08 15:01:01 2021]: link received initialization message, reading in 1878 bytes of model text
[Wed Dec 08 15:01:01 2021]: ignoring o8mi tag in model init
[Wed Dec 08 15:07:53 2021]: link received run message, reading in 2205 bytes of o8r text
[Wed Dec 08 15:07:53 2021]: ignoring notes in o8r
[Wed Dec 08 15:07:53 2021]: ignoring plots in o8r
[Wed Dec 08 15:07:53 2021]: running...
[Wed Dec 08 15:07:53 2021]: running a one parameter bifurcation
[Wed Dec 08 15:07:53 2021]: ignoring xprops
[Wed Dec 08 15:07:53 2021]: solving for steady state
[Wed Dec 08 15:07:53 2021]: trying newton's method
[Wed Dec 08 15:07:53 2021]: try solving time series
[Wed Dec 08 15:07:53 2021]: reached stable steady state
[Wed Dec 08 15:07:53 2021]: continuing Vy1
[Wed Dec 08 15:07:53 2021]: LibAUTO: starting thread
[Wed Dec 08 15:07:53 2021]: LibAUTO: thread started
[Wed Dec 08 15:07:53 2021]: LibAUTO run time: 0.214 s
[Wed Dec 08 15:07:53 2021]: LibAUTO: starting thread
[Wed Dec 08 15:07:53 2021]: LibAUTO: thread started
[Wed Dec 08 15:07:53 2021]: LibAUTO run time: 0.116 s
[Wed Dec 08 15:07:54 2021]: returning 30800 data bytes to client
[Wed Dec 08 15:07:54 2021]: Vy1 took 0.479 seconds (0.479 for actual continuation)
[Wed Dec 08 15:07:54 2021]: run complete (0.484 s)
[Wed Dec 08 15:07:54 2021]: done running
[Wed Dec 08 15:07:54 2021]: returning (roughly) 2011 log bytes to client
[Wed Dec 08 15:15:20 2021]: link received quit message, exiting.
[Wed Dec 08 15:15:20 2021]: link outfifo: waiting for thread to finish...
[Wed Dec 08 15:15:20 2021]: o8core link run time: 860.007 s
[Wed Dec 08 15:15:20 2021]: link outfifo run time: 860.007 s
[Wed Dec 08 15:15:20 2021]: link outfifo: 30800 bytes in, 30800 bytes out
[Wed Dec 08 15:15:20 2021]: all done!
