
o8core, 2.0.11
author: Emery Conrad
build date: Jan 14 2011, 13:23:16

[Wed Dec 08 19:37:32 2021]: creating logfile o8core_342_19_37_31.log
[Wed Dec 08 19:37:32 2021]: initializing link on port 28472
[Wed Dec 08 19:37:32 2021]: initializing winsock library
[Wed Dec 08 19:37:32 2021]: link port is 28472
[Wed Dec 08 19:37:32 2021]: port 28472 is bound
[Wed Dec 08 19:37:32 2021]: listening on port 28472
[Wed Dec 08 19:37:32 2021]: link outfifo: starting thread
[Wed Dec 08 19:37:32 2021]: link outfifo: thread started
[Wed Dec 08 19:37:32 2021]: o8core link: starting thread
[Wed Dec 08 19:37:32 2021]: o8core link: thread started
[Wed Dec 08 19:37:32 2021]: accepted socket connection on port 49933
[Wed Dec 08 19:37:32 2021]: link received initialization message, reading in 1878 bytes of model text
[Wed Dec 08 19:37:32 2021]: ignoring o8mi tag in model init
[Wed Dec 08 19:37:56 2021]: link received quit message, exiting.
[Wed Dec 08 19:37:56 2021]: link outfifo: waiting for thread to finish...
[Wed Dec 08 19:37:56 2021]: o8core link run time: 24.257 s
[Wed Dec 08 19:37:56 2021]: link outfifo run time: 24.257 s
[Wed Dec 08 19:37:56 2021]: link outfifo: 0 bytes in, 0 bytes out
[Wed Dec 08 19:37:56 2021]: all done!
