
o8core, 2.0.11
author: Emery Conrad
build date: Jan 14 2011, 13:23:16

[Wed Nov 10 00:03:17 2021]: creating logfile o8core_314_0_3_17.log
[Wed Nov 10 00:03:17 2021]: initializing link on port 28473
[Wed Nov 10 00:03:17 2021]: initializing winsock library
[Wed Nov 10 00:03:17 2021]: link port is 28473
[Wed Nov 10 00:03:17 2021]: port 28473 is bound
[Wed Nov 10 00:03:17 2021]: listening on port 28473
[Wed Nov 10 00:03:17 2021]: link outfifo: starting thread
[Wed Nov 10 00:03:17 2021]: link outfifo: thread started
[Wed Nov 10 00:03:17 2021]: o8core link: starting thread
[Wed Nov 10 00:03:17 2021]: o8core link: thread started
[Wed Nov 10 00:03:18 2021]: accepted socket connection on port 11555
[Wed Nov 10 00:03:18 2021]: link received initialization message, reading in 1878 bytes of model text
[Wed Nov 10 00:03:18 2021]: ignoring o8mi tag in model init
[Wed Nov 10 00:03:37 2021]: link received run message, reading in 2268 bytes of o8r text
[Wed Nov 10 00:03:37 2021]: ignoring notes in o8r
[Wed Nov 10 00:03:37 2021]: ignoring plots in o8r
[Wed Nov 10 00:03:37 2021]: running...
[Wed Nov 10 00:03:37 2021]: running a two parameter bifurcation
[Wed Nov 10 00:03:37 2021]: ignoring xprops
[Wed Nov 10 00:03:37 2021]: WARNING: don't know what to do with tag par, ignoring
[Wed Nov 10 00:03:37 2021]: ERROR: 
[Wed Nov 10 00:03:37 2021]: ERROR: unable to perform run from given o8r text
[Wed Nov 10 00:03:37 2021]: returning (roughly) 1393 log bytes to client
