
o8core, 2.0.11
author: Emery Conrad
build date: Jan 14 2011, 13:23:16

[Fri Feb 18 09:11:01 2022]: creating logfile o8core_49_9_11_0.log
[Fri Feb 18 09:11:01 2022]: initializing link on port 28472
[Fri Feb 18 09:11:01 2022]: initializing winsock library
[Fri Feb 18 09:11:01 2022]: link port is 28472
[Fri Feb 18 09:11:01 2022]: port 28472 is bound
[Fri Feb 18 09:11:01 2022]: listening on port 28472
[Fri Feb 18 09:11:01 2022]: link outfifo: starting thread
[Fri Feb 18 09:11:01 2022]: link outfifo: thread started
[Fri Feb 18 09:11:01 2022]: o8core link: starting thread
[Fri Feb 18 09:11:01 2022]: o8core link: thread started
[Fri Feb 18 09:11:01 2022]: accepted socket connection on port 28169
[Fri Feb 18 09:11:01 2022]: link received initialization message, reading in 1878 bytes of model text
[Fri Feb 18 09:11:01 2022]: ignoring o8mi tag in model init
[Fri Feb 18 09:17:17 2022]: link received run message, reading in 2203 bytes of o8r text
[Fri Feb 18 09:17:17 2022]: ignoring notes in o8r
[Fri Feb 18 09:17:17 2022]: ignoring plots in o8r
[Fri Feb 18 09:17:17 2022]: running...
[Fri Feb 18 09:17:17 2022]: running a one parameter bifurcation
[Fri Feb 18 09:17:17 2022]: ignoring xprops
[Fri Feb 18 09:17:17 2022]: solving for steady state
[Fri Feb 18 09:17:17 2022]: trying newton's method
[Fri Feb 18 09:17:17 2022]: try solving time series
[Fri Feb 18 09:17:17 2022]: reached stable steady state
[Fri Feb 18 09:17:17 2022]: continuing Vx
[Fri Feb 18 09:17:17 2022]: LibAUTO: starting thread
[Fri Feb 18 09:17:17 2022]: LibAUTO: thread started
[Fri Feb 18 09:17:17 2022]: LibAUTO run time: 0.189 s
[Fri Feb 18 09:17:17 2022]: LibAUTO: starting thread
[Fri Feb 18 09:17:17 2022]: LibAUTO: thread started
[Fri Feb 18 09:17:17 2022]: LibAUTO run time: 0.156 s
[Fri Feb 18 09:17:17 2022]: returning 28336 data bytes to client
[Fri Feb 18 09:17:17 2022]: Vx took 0.465 seconds (0.465 for actual continuation)
[Fri Feb 18 09:17:17 2022]: run complete (0.479 s)
[Fri Feb 18 09:17:17 2022]: done running
[Fri Feb 18 09:17:17 2022]: returning (roughly) 2008 log bytes to client
[Fri Feb 18 09:41:03 2022]: link received quit message, exiting.
[Fri Feb 18 09:41:03 2022]: link outfifo: waiting for thread to finish...
[Fri Feb 18 09:41:03 2022]: o8core link run time: 1802.64 s
[Fri Feb 18 09:41:03 2022]: link outfifo run time: 1802.64 s
[Fri Feb 18 09:41:03 2022]: link outfifo: 28336 bytes in, 28336 bytes out
[Fri Feb 18 09:41:03 2022]: all done!
