
o8core, 2.0.11
author: Emery Conrad
build date: Jan 14 2011, 13:23:16

[Thu Jan 20 10:24:25 2022]: creating logfile o8core_20_10_24_25.log
[Thu Jan 20 10:24:25 2022]: initializing link on port 28472
[Thu Jan 20 10:24:25 2022]: initializing winsock library
[Thu Jan 20 10:24:25 2022]: link port is 28472
[Thu Jan 20 10:24:25 2022]: port 28472 is bound
[Thu Jan 20 10:24:25 2022]: listening on port 28472
[Thu Jan 20 10:24:25 2022]: link outfifo: starting thread
[Thu Jan 20 10:24:25 2022]: link outfifo: thread started
[Thu Jan 20 10:24:25 2022]: o8core link: starting thread
[Thu Jan 20 10:24:25 2022]: o8core link: thread started
[Thu Jan 20 10:24:25 2022]: accepted socket connection on port 20744
[Thu Jan 20 10:24:25 2022]: link received initialization message, reading in 1878 bytes of model text
[Thu Jan 20 10:24:25 2022]: ignoring o8mi tag in model init
[Thu Jan 20 10:33:37 2022]: link received quit message, exiting.
[Thu Jan 20 10:33:37 2022]: link outfifo: waiting for thread to finish...
[Thu Jan 20 10:33:37 2022]: o8core link run time: 551.979 s
[Thu Jan 20 10:33:37 2022]: link outfifo run time: 551.979 s
[Thu Jan 20 10:33:37 2022]: link outfifo: 0 bytes in, 0 bytes out
[Thu Jan 20 10:33:37 2022]: all done!
