
o8core, 2.0.11
author: Emery Conrad
build date: Jan 14 2011, 13:23:16

[Sun Feb 13 21:31:23 2022]: creating logfile o8core_44_21_31_23.log
[Sun Feb 13 21:31:23 2022]: initializing link on port 28472
[Sun Feb 13 21:31:23 2022]: initializing winsock library
[Sun Feb 13 21:31:23 2022]: link port is 28472
[Sun Feb 13 21:31:23 2022]: port 28472 is bound
[Sun Feb 13 21:31:23 2022]: listening on port 28472
[Sun Feb 13 21:31:23 2022]: link outfifo: starting thread
[Sun Feb 13 21:31:23 2022]: link outfifo: thread started
[Sun Feb 13 21:31:23 2022]: o8core link: starting thread
[Sun Feb 13 21:31:23 2022]: o8core link: thread started
[Sun Feb 13 21:31:23 2022]: accepted socket connection on port 50461
[Sun Feb 13 21:31:24 2022]: link received initialization message, reading in 1878 bytes of model text
[Sun Feb 13 21:31:24 2022]: ignoring o8mi tag in model init
[Sun Feb 13 21:50:45 2022]: link received quit message, exiting.
[Sun Feb 13 21:50:45 2022]: link outfifo: waiting for thread to finish...
[Sun Feb 13 21:50:45 2022]: o8core link run time: 1162.12 s
[Sun Feb 13 21:50:45 2022]: link outfifo run time: 1162.12 s
[Sun Feb 13 21:50:45 2022]: link outfifo: 0 bytes in, 0 bytes out
[Sun Feb 13 21:50:45 2022]: all done!
