
o8core, 2.0.11
author: Emery Conrad
build date: Jan 14 2011, 13:23:16

[Mon May 02 10:56:19 2022]: creating logfile o8core_122_10_56_18.log
[Mon May 02 10:56:19 2022]: initializing link on port 28472
[Mon May 02 10:56:19 2022]: initializing winsock library
[Mon May 02 10:56:19 2022]: link port is 28472
[Mon May 02 10:56:19 2022]: port 28472 is bound
[Mon May 02 10:56:19 2022]: listening on port 28472
[Mon May 02 10:56:19 2022]: link outfifo: starting thread
[Mon May 02 10:56:19 2022]: link outfifo: thread started
[Mon May 02 10:56:19 2022]: o8core link: starting thread
[Mon May 02 10:56:19 2022]: o8core link: thread started
[Mon May 02 10:56:19 2022]: accepted socket connection on port 13324
[Mon May 02 10:56:19 2022]: link received initialization message, reading in 1878 bytes of model text
[Mon May 02 10:56:19 2022]: ignoring o8mi tag in model init
[Mon May 02 10:56:30 2022]: link received quit message, exiting.
[Mon May 02 10:56:30 2022]: link outfifo: waiting for thread to finish...
[Mon May 02 10:56:30 2022]: o8core link run time: 11.653 s
[Mon May 02 10:56:30 2022]: link outfifo run time: 11.653 s
[Mon May 02 10:56:30 2022]: link outfifo: 0 bytes in, 0 bytes out
[Mon May 02 10:56:30 2022]: all done!
