
o8core, 2.0.11
author: Emery Conrad
build date: Jan 14 2011, 13:23:16

[Tue Jan 25 15:48:58 2022]: creating logfile o8core_25_15_48_58.log
[Tue Jan 25 15:48:58 2022]: initializing link on port 28472
[Tue Jan 25 15:48:58 2022]: initializing winsock library
[Tue Jan 25 15:48:58 2022]: link port is 28472
[Tue Jan 25 15:48:58 2022]: port 28472 is bound
[Tue Jan 25 15:48:58 2022]: listening on port 28472
[Tue Jan 25 15:48:58 2022]: link outfifo: starting thread
[Tue Jan 25 15:48:58 2022]: link outfifo: thread started
[Tue Jan 25 15:48:58 2022]: o8core link: starting thread
[Tue Jan 25 15:48:58 2022]: o8core link: thread started
[Tue Jan 25 15:48:59 2022]: accepted socket connection on port 53813
[Tue Jan 25 15:48:59 2022]: link received initialization message, reading in 1878 bytes of model text
[Tue Jan 25 15:48:59 2022]: ignoring o8mi tag in model init
[Tue Jan 25 16:00:20 2022]: link received quit message, exiting.
[Tue Jan 25 16:00:20 2022]: link outfifo: waiting for thread to finish...
[Tue Jan 25 16:00:20 2022]: o8core link run time: 682.064 s
[Tue Jan 25 16:00:20 2022]: link outfifo run time: 682.065 s
[Tue Jan 25 16:00:20 2022]: link outfifo: 0 bytes in, 0 bytes out
[Tue Jan 25 16:00:20 2022]: all done!
