
o8core, 2.0.11
author: Emery Conrad
build date: Jan 14 2011, 13:23:16

[Wed Nov 10 00:04:20 2021]: creating logfile o8core_314_0_4_20.log
[Wed Nov 10 00:04:20 2021]: initializing link on port 28472
[Wed Nov 10 00:04:20 2021]: initializing winsock library
[Wed Nov 10 00:04:20 2021]: link port is 28472
[Wed Nov 10 00:04:20 2021]: port 28472 is bound
[Wed Nov 10 00:04:20 2021]: listening on port 28472
[Wed Nov 10 00:04:20 2021]: link outfifo: starting thread
[Wed Nov 10 00:04:20 2021]: link outfifo: thread started
[Wed Nov 10 00:04:20 2021]: o8core link: starting thread
[Wed Nov 10 00:04:20 2021]: o8core link: thread started
[Wed Nov 10 00:04:21 2021]: accepted socket connection on port 13859
[Wed Nov 10 00:04:21 2021]: link received initialization message, reading in 1878 bytes of model text
[Wed Nov 10 00:04:21 2021]: ignoring o8mi tag in model init
[Wed Nov 10 00:05:08 2021]: link received run message, reading in 2281 bytes of o8r text
[Wed Nov 10 00:05:08 2021]: ignoring notes in o8r
[Wed Nov 10 00:05:08 2021]: ignoring plots in o8r
[Wed Nov 10 00:05:08 2021]: running...
[Wed Nov 10 00:05:08 2021]: running a two parameter bifurcation
[Wed Nov 10 00:05:08 2021]: ignoring xprops
[Wed Nov 10 00:05:08 2021]: WARNING: don't know what to do with tag par, ignoring
[Wed Nov 10 00:05:08 2021]: starting at label 5
[Wed Nov 10 00:05:08 2021]: continuing...
Vy1 vs. Vy2[Wed Nov 10 00:05:08 2021]: LibAUTO: starting thread
[Wed Nov 10 00:05:08 2021]: LibAUTO: thread started
[Wed Nov 10 00:05:08 2021]: LibAUTO run time: 0.428 s
[Wed Nov 10 00:05:08 2021]: LibAUTO: starting thread
[Wed Nov 10 00:05:08 2021]: LibAUTO: thread started
[Wed Nov 10 00:05:08 2021]: LibAUTO run time: 0.257 s
[Wed Nov 10 00:05:09 2021]: returning 50648 data bytes to client
(0.8 seconds) 
[Wed Nov 10 00:05:09 2021]: run complete (0.803 s)
[Wed Nov 10 00:05:09 2021]: done running
[Wed Nov 10 00:05:09 2021]: returning (roughly) 1871 log bytes to client
[Wed Nov 10 00:13:43 2021]: link received run message, reading in 2281 bytes of o8r text
[Wed Nov 10 00:13:43 2021]: ignoring notes in o8r
[Wed Nov 10 00:13:43 2021]: ignoring plots in o8r
[Wed Nov 10 00:13:43 2021]: running...
[Wed Nov 10 00:13:43 2021]: running a two parameter bifurcation
[Wed Nov 10 00:13:43 2021]: ignoring xprops
[Wed Nov 10 00:13:43 2021]: WARNING: don't know what to do with tag par, ignoring
[Wed Nov 10 00:13:43 2021]: starting at label 3
[Wed Nov 10 00:13:43 2021]: continuing...
Vy1 vs. Vy2[Wed Nov 10 00:13:43 2021]: LibAUTO: starting thread
[Wed Nov 10 00:13:43 2021]: LibAUTO: thread started
[Wed Nov 10 00:13:43 2021]: LibAUTO run time: 0.357 s
[Wed Nov 10 00:13:43 2021]: LibAUTO: starting thread
[Wed Nov 10 00:13:43 2021]: LibAUTO: thread started
[Wed Nov 10 00:13:44 2021]: LibAUTO run time: 0.684 s
[Wed Nov 10 00:13:44 2021]: returning 74932 data bytes to client
(1.268 seconds) 
[Wed Nov 10 00:13:44 2021]: run complete (1.271 s)
[Wed Nov 10 00:13:44 2021]: done running
[Wed Nov 10 00:13:44 2021]: returning (roughly) 1011 log bytes to client
[Wed Nov 10 00:28:42 2021]: link received run message, reading in 2208 bytes of o8r text
[Wed Nov 10 00:28:42 2021]: ignoring notes in o8r
[Wed Nov 10 00:28:42 2021]: ignoring plots in o8r
[Wed Nov 10 00:28:42 2021]: running...
[Wed Nov 10 00:28:42 2021]: running a one parameter bifurcation
[Wed Nov 10 00:28:42 2021]: ignoring xprops
[Wed Nov 10 00:28:42 2021]: solving for steady state
[Wed Nov 10 00:28:42 2021]: trying newton's method
[Wed Nov 10 00:28:42 2021]: try solving time series
[Wed Nov 10 00:28:42 2021]: reached stable steady state
[Wed Nov 10 00:28:42 2021]: continuing Vy1
[Wed Nov 10 00:28:42 2021]: LibAUTO: starting thread
[Wed Nov 10 00:28:42 2021]: LibAUTO: thread started
[Wed Nov 10 00:28:42 2021]: LibAUTO run time: 0.236 s
[Wed Nov 10 00:28:42 2021]: LibAUTO: starting thread
[Wed Nov 10 00:28:42 2021]: LibAUTO: thread started
[Wed Nov 10 00:28:42 2021]: LibAUTO run time: 0.064 s
[Wed Nov 10 00:28:42 2021]: returning 25388 data bytes to client
[Wed Nov 10 00:28:42 2021]: Vy1 took 0.458 seconds (0.457 for actual continuation)
[Wed Nov 10 00:28:42 2021]: run complete (0.461 s)
[Wed Nov 10 00:28:42 2021]: done running
[Wed Nov 10 00:28:42 2021]: returning (roughly) 1149 log bytes to client
[Wed Nov 10 01:02:56 2021]: link received run message, reading in 2203 bytes of o8r text
[Wed Nov 10 01:02:56 2021]: ignoring notes in o8r
[Wed Nov 10 01:02:56 2021]: ignoring plots in o8r
[Wed Nov 10 01:02:56 2021]: running...
[Wed Nov 10 01:02:56 2021]: running a one parameter bifurcation
[Wed Nov 10 01:02:56 2021]: ignoring xprops
[Wed Nov 10 01:02:56 2021]: solving for steady state
[Wed Nov 10 01:02:56 2021]: trying newton's method
[Wed Nov 10 01:02:56 2021]: try solving time series
[Wed Nov 10 01:02:56 2021]: reached stable steady state
[Wed Nov 10 01:02:56 2021]: continuing Vy1
[Wed Nov 10 01:02:56 2021]: LibAUTO: starting thread
[Wed Nov 10 01:02:56 2021]: LibAUTO: thread started
[Wed Nov 10 01:02:56 2021]: LibAUTO run time: 0.096 s
[Wed Nov 10 01:02:56 2021]: LibAUTO: starting thread
[Wed Nov 10 01:02:56 2021]: LibAUTO: thread started
[Wed Nov 10 01:02:56 2021]: LibAUTO run time: 0.105 s
[Wed Nov 10 01:02:56 2021]: returning 18568 data bytes to client
[Wed Nov 10 01:02:56 2021]: Vy1 took 0.226 seconds (0.226 for actual continuation)
[Wed Nov 10 01:02:56 2021]: run complete (0.228 s)
[Wed Nov 10 01:02:56 2021]: done running
[Wed Nov 10 01:02:56 2021]: returning (roughly) 1149 log bytes to client
[Wed Nov 10 01:05:03 2021]: link received run message, reading in 2203 bytes of o8r text
[Wed Nov 10 01:05:03 2021]: ignoring notes in o8r
[Wed Nov 10 01:05:03 2021]: ignoring plots in o8r
[Wed Nov 10 01:05:03 2021]: running...
[Wed Nov 10 01:05:03 2021]: running a one parameter bifurcation
[Wed Nov 10 01:05:03 2021]: ignoring xprops
[Wed Nov 10 01:05:03 2021]: solving for steady state
[Wed Nov 10 01:05:03 2021]: trying newton's method
[Wed Nov 10 01:05:03 2021]: try solving time series
[Wed Nov 10 01:05:03 2021]: reached stable steady state
[Wed Nov 10 01:05:03 2021]: continuing Vy1
[Wed Nov 10 01:05:03 2021]: LibAUTO: starting thread
[Wed Nov 10 01:05:03 2021]: LibAUTO: thread started
[Wed Nov 10 01:05:03 2021]: LibAUTO run time: 0.217 s
[Wed Nov 10 01:05:04 2021]: LibAUTO: starting thread
[Wed Nov 10 01:05:04 2021]: LibAUTO: thread started
[Wed Nov 10 01:05:04 2021]: LibAUTO run time: 0.055 s
[Wed Nov 10 01:05:04 2021]: returning 19976 data bytes to client
[Wed Nov 10 01:05:04 2021]: Vy1 took 0.442 seconds (0.442 for actual continuation)
[Wed Nov 10 01:05:04 2021]: run complete (0.446 s)
[Wed Nov 10 01:05:04 2021]: done running
[Wed Nov 10 01:05:04 2021]: returning (roughly) 1149 log bytes to client
[Wed Nov 10 01:07:09 2021]: link received run message, reading in 2204 bytes of o8r text
[Wed Nov 10 01:07:09 2021]: ignoring notes in o8r
[Wed Nov 10 01:07:09 2021]: ignoring plots in o8r
[Wed Nov 10 01:07:09 2021]: running...
[Wed Nov 10 01:07:09 2021]: running a one parameter bifurcation
[Wed Nov 10 01:07:09 2021]: ignoring xprops
[Wed Nov 10 01:07:09 2021]: solving for steady state
[Wed Nov 10 01:07:09 2021]: trying newton's method
[Wed Nov 10 01:07:09 2021]: try solving time series
[Wed Nov 10 01:07:09 2021]: reached stable steady state
[Wed Nov 10 01:07:09 2021]: continuing Vy1
[Wed Nov 10 01:07:09 2021]: LibAUTO: starting thread
[Wed Nov 10 01:07:09 2021]: LibAUTO: thread started
[Wed Nov 10 01:07:09 2021]: LibAUTO run time: 0.109 s
[Wed Nov 10 01:07:09 2021]: LibAUTO: starting thread
[Wed Nov 10 01:07:09 2021]: LibAUTO: thread started
[Wed Nov 10 01:07:09 2021]: LibAUTO run time: 0.106 s
[Wed Nov 10 01:07:09 2021]: returning 19272 data bytes to client
[Wed Nov 10 01:07:09 2021]: Vy1 took 0.234 seconds (0.234 for actual continuation)
[Wed Nov 10 01:07:09 2021]: run complete (0.236 s)
[Wed Nov 10 01:07:09 2021]: done running
[Wed Nov 10 01:07:09 2021]: returning (roughly) 1149 log bytes to client
[Wed Nov 10 01:08:05 2021]: link received run message, reading in 2200 bytes of o8r text
[Wed Nov 10 01:08:05 2021]: ignoring notes in o8r
[Wed Nov 10 01:08:05 2021]: ignoring plots in o8r
[Wed Nov 10 01:08:05 2021]: running...
[Wed Nov 10 01:08:05 2021]: running a one parameter bifurcation
[Wed Nov 10 01:08:05 2021]: ignoring xprops
[Wed Nov 10 01:08:05 2021]: solving for steady state
[Wed Nov 10 01:08:05 2021]: trying newton's method
[Wed Nov 10 01:08:05 2021]: try solving time series
[Wed Nov 10 01:08:05 2021]: reached stable steady state
[Wed Nov 10 01:08:05 2021]: continuing Vx
[Wed Nov 10 01:08:05 2021]: LibAUTO: starting thread
[Wed Nov 10 01:08:05 2021]: LibAUTO: thread started
[Wed Nov 10 01:08:06 2021]: LibAUTO run time: 0.207 s
[Wed Nov 10 01:08:06 2021]: LibAUTO: starting thread
[Wed Nov 10 01:08:06 2021]: LibAUTO: thread started
[Wed Nov 10 01:08:06 2021]: LibAUTO run time: 0.126 s
[Wed Nov 10 01:08:06 2021]: returning 37928 data bytes to client
[Wed Nov 10 01:08:06 2021]: Vx took 0.472 seconds (0.472 for actual continuation)
[Wed Nov 10 01:08:06 2021]: run complete (0.476 s)
[Wed Nov 10 01:08:06 2021]: done running
[Wed Nov 10 01:08:06 2021]: returning (roughly) 1147 log bytes to client
[Wed Nov 10 01:14:19 2021]: link received run message, reading in 2205 bytes of o8r text
[Wed Nov 10 01:14:19 2021]: ignoring notes in o8r
[Wed Nov 10 01:14:19 2021]: ignoring plots in o8r
[Wed Nov 10 01:14:19 2021]: running...
[Wed Nov 10 01:14:19 2021]: running a one parameter bifurcation
[Wed Nov 10 01:14:19 2021]: ignoring xprops
[Wed Nov 10 01:14:19 2021]: solving for steady state
[Wed Nov 10 01:14:19 2021]: trying newton's method
[Wed Nov 10 01:14:19 2021]: try solving time series
[Wed Nov 10 01:14:19 2021]: reached stable steady state
[Wed Nov 10 01:14:19 2021]: continuing Vy1
[Wed Nov 10 01:14:19 2021]: LibAUTO: starting thread
[Wed Nov 10 01:14:19 2021]: LibAUTO: thread started
[Wed Nov 10 01:14:19 2021]: LibAUTO run time: 0.107 s
[Wed Nov 10 01:14:19 2021]: LibAUTO: starting thread
[Wed Nov 10 01:14:19 2021]: LibAUTO: thread started
[Wed Nov 10 01:14:19 2021]: LibAUTO run time: 0.123 s
[Wed Nov 10 01:14:19 2021]: returning 20900 data bytes to client
[Wed Nov 10 01:14:19 2021]: Vy1 took 0.443 seconds (0.443 for actual continuation)
[Wed Nov 10 01:14:19 2021]: run complete (0.445 s)
[Wed Nov 10 01:14:19 2021]: done running
[Wed Nov 10 01:14:19 2021]: returning (roughly) 1149 log bytes to client
[Wed Nov 10 01:15:41 2021]: link received run message, reading in 2206 bytes of o8r text
[Wed Nov 10 01:15:41 2021]: ignoring notes in o8r
[Wed Nov 10 01:15:41 2021]: ignoring plots in o8r
[Wed Nov 10 01:15:41 2021]: running...
[Wed Nov 10 01:15:41 2021]: running a one parameter bifurcation
[Wed Nov 10 01:15:41 2021]: ignoring xprops
[Wed Nov 10 01:15:41 2021]: solving for steady state
[Wed Nov 10 01:15:41 2021]: trying newton's method
[Wed Nov 10 01:15:41 2021]: try solving time series
[Wed Nov 10 01:15:41 2021]: reached stable steady state
[Wed Nov 10 01:15:41 2021]: continuing Vy1
[Wed Nov 10 01:15:41 2021]: LibAUTO: starting thread
[Wed Nov 10 01:15:41 2021]: LibAUTO: thread started
[Wed Nov 10 01:15:41 2021]: LibAUTO run time: 0.228 s
[Wed Nov 10 01:15:41 2021]: LibAUTO: starting thread
[Wed Nov 10 01:15:41 2021]: LibAUTO: thread started
[Wed Nov 10 01:15:41 2021]: LibAUTO run time: 0.096 s
[Wed Nov 10 01:15:41 2021]: returning 29524 data bytes to client
[Wed Nov 10 01:15:41 2021]: Vy1 took 0.449 seconds (0.448 for actual continuation)
[Wed Nov 10 01:15:41 2021]: run complete (0.452 s)
[Wed Nov 10 01:15:41 2021]: done running
[Wed Nov 10 01:15:41 2021]: returning (roughly) 1149 log bytes to client
[Wed Nov 10 01:30:21 2021]: link received run message, reading in 2205 bytes of o8r text
[Wed Nov 10 01:30:21 2021]: ignoring notes in o8r
[Wed Nov 10 01:30:21 2021]: ignoring plots in o8r
[Wed Nov 10 01:30:21 2021]: running...
[Wed Nov 10 01:30:21 2021]: running a one parameter bifurcation
[Wed Nov 10 01:30:21 2021]: ignoring xprops
[Wed Nov 10 01:30:21 2021]: solving for steady state
[Wed Nov 10 01:30:21 2021]: trying newton's method
[Wed Nov 10 01:30:21 2021]: try solving time series
[Wed Nov 10 01:30:21 2021]: reached stable steady state
[Wed Nov 10 01:30:21 2021]: continuing Vy1
[Wed Nov 10 01:30:21 2021]: LibAUTO: starting thread
[Wed Nov 10 01:30:21 2021]: LibAUTO: thread started
[Wed Nov 10 01:30:22 2021]: LibAUTO run time: 0.211 s
[Wed Nov 10 01:30:22 2021]: LibAUTO: starting thread
[Wed Nov 10 01:30:22 2021]: LibAUTO: thread started
[Wed Nov 10 01:30:22 2021]: LibAUTO run time: 0.066 s
[Wed Nov 10 01:30:22 2021]: returning 28732 data bytes to client
[Wed Nov 10 01:30:22 2021]: Vy1 took 0.337 seconds (0.337 for actual continuation)
[Wed Nov 10 01:30:22 2021]: run complete (0.339 s)
[Wed Nov 10 01:30:22 2021]: done running
[Wed Nov 10 01:30:22 2021]: returning (roughly) 1149 log bytes to client
[Wed Nov 10 01:43:05 2021]: link received quit message, exiting.
[Wed Nov 10 01:43:05 2021]: link outfifo: waiting for thread to finish...
[Wed Nov 10 01:43:05 2021]: o8core link run time: 5925.1 s
[Wed Nov 10 01:43:05 2021]: link outfifo run time: 5925.1 s
[Wed Nov 10 01:43:05 2021]: link outfifo: 325868 bytes in, 325868 bytes out
[Wed Nov 10 01:43:05 2021]: all done!
