
o8core, 2.0.11
author: Emery Conrad
build date: Jan 14 2011, 13:23:16

[Tue Jan 25 11:57:51 2022]: creating logfile o8core_25_11_57_51.log
[Tue Jan 25 11:57:51 2022]: initializing link on port 28472
[Tue Jan 25 11:57:51 2022]: initializing winsock library
[Tue Jan 25 11:57:51 2022]: link port is 28472
[Tue Jan 25 11:57:51 2022]: port 28472 is bound
[Tue Jan 25 11:57:51 2022]: listening on port 28472
[Tue Jan 25 11:57:51 2022]: link outfifo: starting thread
[Tue Jan 25 11:57:51 2022]: link outfifo: thread started
[Tue Jan 25 11:57:51 2022]: o8core link: starting thread
[Tue Jan 25 11:57:51 2022]: o8core link: thread started
[Tue Jan 25 11:57:52 2022]: accepted socket connection on port 9781
[Tue Jan 25 11:57:52 2022]: link received initialization message, reading in 1878 bytes of model text
[Tue Jan 25 11:57:52 2022]: ignoring o8mi tag in model init
[Tue Jan 25 12:15:32 2022]: link received run message, reading in 2131 bytes of o8r text
[Tue Jan 25 12:15:32 2022]: ignoring notes in o8r
[Tue Jan 25 12:15:32 2022]: ignoring plots in o8r
[Tue Jan 25 12:15:32 2022]: running...
[Tue Jan 25 12:15:32 2022]: running a time series
[Tue Jan 25 12:15:32 2022]: will run for 1000 time units, 1000 points
[Tue Jan 25 12:15:32 2022]: returning 32032 data bytes to client
[Tue Jan 25 12:15:32 2022]: run complete (0.01 s)
[Tue Jan 25 12:15:32 2022]: done running
[Tue Jan 25 12:15:32 2022]: returning (roughly) 1366 log bytes to client
[Tue Jan 25 12:16:53 2022]: link received run message, reading in 2131 bytes of o8r text
[Tue Jan 25 12:16:53 2022]: ignoring notes in o8r
[Tue Jan 25 12:16:53 2022]: ignoring plots in o8r
[Tue Jan 25 12:16:53 2022]: running...
[Tue Jan 25 12:16:53 2022]: running a time series
[Tue Jan 25 12:16:53 2022]: will run for 1000 time units, 1000 points
[Tue Jan 25 12:16:53 2022]: returning 32032 data bytes to client
[Tue Jan 25 12:16:53 2022]: run complete (0.004 s)
[Tue Jan 25 12:16:53 2022]: done running
[Tue Jan 25 12:16:53 2022]: returning (roughly) 505 log bytes to client
[Tue Jan 25 12:34:48 2022]: link received quit message, exiting.
[Tue Jan 25 12:34:48 2022]: link outfifo: waiting for thread to finish...
[Tue Jan 25 12:34:48 2022]: o8core link run time: 2216.46 s
[Tue Jan 25 12:34:48 2022]: link outfifo run time: 2216.46 s
[Tue Jan 25 12:34:48 2022]: link outfifo: 64064 bytes in, 64064 bytes out
[Tue Jan 25 12:34:48 2022]: all done!
