
o8core, 2.0.11
author: Emery Conrad
build date: Jan 14 2011, 13:23:16

[Mon May 02 10:43:09 2022]: creating logfile o8core_122_10_43_4.log
[Mon May 02 10:43:09 2022]: initializing link on port 28472
[Mon May 02 10:43:09 2022]: initializing winsock library
[Mon May 02 10:43:09 2022]: link port is 28472
[Mon May 02 10:43:09 2022]: port 28472 is bound
[Mon May 02 10:43:09 2022]: listening on port 28472
[Mon May 02 10:43:09 2022]: link outfifo: starting thread
[Mon May 02 10:43:09 2022]: link outfifo: thread started
[Mon May 02 10:43:09 2022]: o8core link: starting thread
[Mon May 02 10:43:09 2022]: o8core link: thread started
[Mon May 02 10:54:36 2022]: accepted socket connection on port 9484
[Mon May 02 10:54:36 2022]: link received initialization message, reading in 1878 bytes of model text
[Mon May 02 10:54:36 2022]: ignoring o8mi tag in model init
[Mon May 02 10:55:18 2022]: link received run message, reading in 2204 bytes of o8r text
[Mon May 02 10:55:18 2022]: ignoring notes in o8r
[Mon May 02 10:55:18 2022]: ignoring plots in o8r
[Mon May 02 10:55:18 2022]: running...
[Mon May 02 10:55:18 2022]: running a one parameter bifurcation
[Mon May 02 10:55:18 2022]: ignoring xprops
[Mon May 02 10:55:18 2022]: solving for steady state
[Mon May 02 10:55:18 2022]: trying newton's method
[Mon May 02 10:55:18 2022]: try solving time series
[Mon May 02 10:55:18 2022]: reached stable steady state
[Mon May 02 10:55:18 2022]: continuing Vy1
[Mon May 02 10:55:18 2022]: LibAUTO: starting thread
[Mon May 02 10:55:18 2022]: LibAUTO: thread started
[Mon May 02 10:55:18 2022]: ERROR: could not open constants file "91.0/1p_Vy1_pos.2" for write
[Mon May 02 10:55:18 2022]: ERROR: failed at auto_api.cpp:299
[Mon May 02 10:55:18 2022]: ERROR: (module LibAUTO exception) assert failed
[Mon May 02 10:55:18 2022]: LibAUTO run time: 0 s
[Mon May 02 10:55:18 2022]: ERROR: exception was caught while running module LibAUTO
[Mon May 02 10:55:18 2022]: LibAUTO: starting thread
[Mon May 02 10:55:18 2022]: LibAUTO: thread started
[Mon May 02 10:55:18 2022]: ERROR: could not open constants file "91.0/1p_Vy1_neg.2" for write
[Mon May 02 10:55:18 2022]: ERROR: failed at auto_api.cpp:299
[Mon May 02 10:55:18 2022]: ERROR: (module LibAUTO exception) assert failed
[Mon May 02 10:55:18 2022]: LibAUTO run time: 0 s
[Mon May 02 10:55:18 2022]: ERROR: exception was caught while running module LibAUTO
[Mon May 02 10:55:19 2022]: ERROR: 
[Mon May 02 10:55:19 2022]: ERROR: unable to perform run from given o8r text
[Mon May 02 10:55:19 2022]: returning (roughly) 2512 log bytes to client
