
o8core, 2.0.11
author: Emery Conrad
build date: Jan 14 2011, 13:23:16

[Fri Feb 04 21:04:47 2022]: creating logfile o8core_35_21_4_46.log
[Fri Feb 04 21:04:47 2022]: initializing link on port 28473
[Fri Feb 04 21:04:47 2022]: initializing winsock library
[Fri Feb 04 21:04:47 2022]: link port is 28473
[Fri Feb 04 21:04:47 2022]: port 28473 is bound
[Fri Feb 04 21:04:47 2022]: listening on port 28473
[Fri Feb 04 21:04:47 2022]: link outfifo: starting thread
[Fri Feb 04 21:04:47 2022]: link outfifo: thread started
[Fri Feb 04 21:04:47 2022]: o8core link: starting thread
[Fri Feb 04 21:04:47 2022]: o8core link: thread started
[Fri Feb 04 21:04:47 2022]: accepted socket connection on port 17437
[Fri Feb 04 21:04:47 2022]: link received initialization message, reading in 1878 bytes of model text
[Fri Feb 04 21:04:47 2022]: ignoring o8mi tag in model init
[Fri Feb 04 21:06:57 2022]: link received quit message, exiting.
[Fri Feb 04 21:06:57 2022]: link outfifo: waiting for thread to finish...
[Fri Feb 04 21:06:57 2022]: o8core link run time: 130.561 s
[Fri Feb 04 21:06:57 2022]: link outfifo run time: 130.561 s
[Fri Feb 04 21:06:57 2022]: link outfifo: 0 bytes in, 0 bytes out
[Fri Feb 04 21:06:57 2022]: all done!
