
o8core, 2.0.11
author: Emery Conrad
build date: Jan 14 2011, 13:23:16

[Wed Apr 27 17:59:52 2022]: creating logfile o8core_117_17_59_52.log
[Wed Apr 27 17:59:52 2022]: initializing link on port 28472
[Wed Apr 27 17:59:52 2022]: initializing winsock library
[Wed Apr 27 17:59:52 2022]: link port is 28472
[Wed Apr 27 17:59:52 2022]: port 28472 is bound
[Wed Apr 27 17:59:52 2022]: listening on port 28472
[Wed Apr 27 17:59:52 2022]: link outfifo: starting thread
[Wed Apr 27 17:59:52 2022]: link outfifo: thread started
[Wed Apr 27 17:59:52 2022]: o8core link: starting thread
[Wed Apr 27 17:59:52 2022]: o8core link: thread started
[Wed Apr 27 17:59:52 2022]: accepted socket connection on port 47917
[Wed Apr 27 17:59:52 2022]: link received initialization message, reading in 1878 bytes of model text
[Wed Apr 27 17:59:52 2022]: ignoring o8mi tag in model init
[Wed Apr 27 18:00:11 2022]: link received quit message, exiting.
[Wed Apr 27 18:00:11 2022]: link outfifo: waiting for thread to finish...
[Wed Apr 27 18:00:11 2022]: o8core link run time: 18.969 s
[Wed Apr 27 18:00:11 2022]: link outfifo run time: 18.969 s
[Wed Apr 27 18:00:11 2022]: link outfifo: 0 bytes in, 0 bytes out
[Wed Apr 27 18:00:11 2022]: all done!
