
o8core, 2.0.11
author: Emery Conrad
build date: Jan 14 2011, 13:23:16

[Tue Dec 07 22:30:56 2021]: creating logfile o8core_341_22_30_56.log
[Tue Dec 07 22:30:56 2021]: initializing link on port 28472
[Tue Dec 07 22:30:56 2021]: initializing winsock library
[Tue Dec 07 22:30:56 2021]: link port is 28472
[Tue Dec 07 22:30:56 2021]: port 28472 is bound
[Tue Dec 07 22:30:56 2021]: listening on port 28472
[Tue Dec 07 22:30:56 2021]: link outfifo: starting thread
[Tue Dec 07 22:30:56 2021]: link outfifo: thread started
[Tue Dec 07 22:30:56 2021]: o8core link: starting thread
[Tue Dec 07 22:30:56 2021]: o8core link: thread started
[Tue Dec 07 22:30:56 2021]: accepted socket connection on port 22575
[Tue Dec 07 22:30:56 2021]: link received initialization message, reading in 1878 bytes of model text
[Tue Dec 07 22:30:56 2021]: ignoring o8mi tag in model init
[Tue Dec 07 22:31:30 2021]: link received quit message, exiting.
[Tue Dec 07 22:31:30 2021]: link outfifo: waiting for thread to finish...
[Tue Dec 07 22:31:30 2021]: o8core link run time: 34.418 s
[Tue Dec 07 22:31:30 2021]: link outfifo run time: 34.418 s
[Tue Dec 07 22:31:30 2021]: link outfifo: 0 bytes in, 0 bytes out
[Tue Dec 07 22:31:30 2021]: all done!
