
o8core, 2.0.11
author: Emery Conrad
build date: Jan 14 2011, 13:23:16

[Wed Nov 10 09:21:48 2021]: creating logfile o8core_314_9_21_48.log
[Wed Nov 10 09:21:48 2021]: initializing link on port 28472
[Wed Nov 10 09:21:48 2021]: initializing winsock library
[Wed Nov 10 09:21:48 2021]: link port is 28472
[Wed Nov 10 09:21:48 2021]: port 28472 is bound
[Wed Nov 10 09:21:48 2021]: listening on port 28472
[Wed Nov 10 09:21:48 2021]: link outfifo: starting thread
[Wed Nov 10 09:21:48 2021]: link outfifo: thread started
[Wed Nov 10 09:21:48 2021]: o8core link: starting thread
[Wed Nov 10 09:21:48 2021]: o8core link: thread started
[Wed Nov 10 09:21:48 2021]: accepted socket connection on port 32807
[Wed Nov 10 09:21:49 2021]: link received initialization message, reading in 1878 bytes of model text
[Wed Nov 10 09:21:49 2021]: ignoring o8mi tag in model init
[Wed Nov 10 09:22:24 2021]: link received run message, reading in 2198 bytes of o8r text
[Wed Nov 10 09:22:24 2021]: ignoring notes in o8r
[Wed Nov 10 09:22:24 2021]: ignoring plots in o8r
[Wed Nov 10 09:22:24 2021]: running...
[Wed Nov 10 09:22:24 2021]: running a one parameter bifurcation
[Wed Nov 10 09:22:24 2021]: ignoring xprops
[Wed Nov 10 09:22:24 2021]: solving for steady state
[Wed Nov 10 09:22:24 2021]: trying newton's method
[Wed Nov 10 09:22:24 2021]: try solving time series
[Wed Nov 10 09:22:24 2021]: reached stable steady state
[Wed Nov 10 09:22:24 2021]: continuing S
[Wed Nov 10 09:22:24 2021]: LibAUTO: starting thread
[Wed Nov 10 09:22:24 2021]: LibAUTO: thread started
[Wed Nov 10 09:22:24 2021]: LibAUTO run time: 0.128 s
[Wed Nov 10 09:22:24 2021]: LibAUTO: starting thread
[Wed Nov 10 09:22:24 2021]: LibAUTO: thread started
[Wed Nov 10 09:22:24 2021]: LibAUTO run time: 0.054 s
[Wed Nov 10 09:22:24 2021]: returning 17116 data bytes to client
[Wed Nov 10 09:22:24 2021]: S took 0.328 seconds (0.328 for actual continuation)
[Wed Nov 10 09:22:24 2021]: run complete (0.33 s)
[Wed Nov 10 09:22:24 2021]: done running
[Wed Nov 10 09:22:24 2021]: returning (roughly) 2007 log bytes to client
[Wed Nov 10 09:41:12 2021]: link received run message, reading in 2172 bytes of o8r text
[Wed Nov 10 09:41:12 2021]: ignoring notes in o8r
[Wed Nov 10 09:41:12 2021]: ignoring plots in o8r
[Wed Nov 10 09:41:12 2021]: running...
[Wed Nov 10 09:41:12 2021]: running limit cycle continuation
[Wed Nov 10 09:41:12 2021]: running for par=S, label=5
[Wed Nov 10 09:41:12 2021]: LibAUTO: starting thread
[Wed Nov 10 09:41:12 2021]: LibAUTO: thread started
[Wed Nov 10 09:41:12 2021]: LibAUTO run time: 0.172 s
[Wed Nov 10 09:41:12 2021]: returning 912 data bytes to client
(0.227 seconds) 
[Wed Nov 10 09:41:12 2021]: run complete (0.241 s)
[Wed Nov 10 09:41:12 2021]: done running
[Wed Nov 10 09:41:12 2021]: returning (roughly) 675 log bytes to client
[Wed Nov 10 09:42:17 2021]: link received quit message, exiting.
[Wed Nov 10 09:42:17 2021]: link outfifo: waiting for thread to finish...
[Wed Nov 10 09:42:17 2021]: o8core link run time: 1229.14 s
[Wed Nov 10 09:42:17 2021]: link outfifo run time: 1229.14 s
[Wed Nov 10 09:42:17 2021]: link outfifo: 18028 bytes in, 18028 bytes out
[Wed Nov 10 09:42:17 2021]: all done!
