
o8core, 2.0.11
author: Emery Conrad
build date: Jan 14 2011, 13:23:16

[Wed Apr 07 08:40:58 2021]: creating logfile o8core_97_8_40_58.log
[Wed Apr 07 08:40:58 2021]: initializing link on port 28472
[Wed Apr 07 08:40:58 2021]: initializing winsock library
[Wed Apr 07 08:40:58 2021]: link port is 28472
[Wed Apr 07 08:40:58 2021]: port 28472 is bound
[Wed Apr 07 08:40:58 2021]: listening on port 28472
[Wed Apr 07 08:40:58 2021]: link outfifo: starting thread
[Wed Apr 07 08:40:58 2021]: link outfifo: thread started
[Wed Apr 07 08:40:58 2021]: o8core link: starting thread
[Wed Apr 07 08:40:58 2021]: o8core link: thread started
[Wed Apr 07 08:40:59 2021]: accepted socket connection on port 4647
[Wed Apr 07 08:40:59 2021]: link received initialization message, reading in 367 bytes of model text
[Wed Apr 07 08:40:59 2021]: ignoring o8mi tag in model init
[Wed Apr 07 08:41:08 2021]: link received run message, reading in 1585 bytes of o8r text
[Wed Apr 07 08:41:08 2021]: ignoring notes in o8r
[Wed Apr 07 08:41:08 2021]: ignoring plots in o8r
[Wed Apr 07 08:41:08 2021]: running...
[Wed Apr 07 08:41:08 2021]: running a time series
[Wed Apr 07 08:41:08 2021]: will run for 250 time units, 500 points
[Wed Apr 07 08:41:08 2021]: returning 12024 data bytes to client
[Wed Apr 07 08:41:08 2021]: run complete (0.001 s)
[Wed Apr 07 08:41:08 2021]: done running
[Wed Apr 07 08:41:08 2021]: returning (roughly) 1363 log bytes to client
[Wed Apr 07 08:41:21 2021]: link received run message, reading in 1585 bytes of o8r text
[Wed Apr 07 08:41:21 2021]: ignoring notes in o8r
[Wed Apr 07 08:41:21 2021]: ignoring plots in o8r
[Wed Apr 07 08:41:21 2021]: running...
[Wed Apr 07 08:41:21 2021]: running a time series
[Wed Apr 07 08:41:21 2021]: will run for 500 time units, 500 points
[Wed Apr 07 08:41:21 2021]: returning 12024 data bytes to client
[Wed Apr 07 08:41:21 2021]: run complete (0.002 s)
[Wed Apr 07 08:41:21 2021]: done running
[Wed Apr 07 08:41:21 2021]: returning (roughly) 503 log bytes to client
[Wed Apr 07 08:41:45 2021]: link received run message, reading in 1586 bytes of o8r text
[Wed Apr 07 08:41:45 2021]: ignoring notes in o8r
[Wed Apr 07 08:41:45 2021]: ignoring plots in o8r
[Wed Apr 07 08:41:45 2021]: running...
[Wed Apr 07 08:41:45 2021]: running a time series
[Wed Apr 07 08:41:45 2021]: will run for 2000 time units, 500 points
[Wed Apr 07 08:41:45 2021]: returning 12024 data bytes to client
[Wed Apr 07 08:41:45 2021]: run complete (0.001 s)
[Wed Apr 07 08:41:45 2021]: done running
[Wed Apr 07 08:41:45 2021]: returning (roughly) 504 log bytes to client
[Wed Apr 07 08:42:40 2021]: link received run message, reading in 1587 bytes of o8r text
[Wed Apr 07 08:42:40 2021]: ignoring notes in o8r
[Wed Apr 07 08:42:40 2021]: ignoring plots in o8r
[Wed Apr 07 08:42:40 2021]: running...
[Wed Apr 07 08:42:40 2021]: running a time series
[Wed Apr 07 08:42:40 2021]: will run for 10000 time units, 500 points
[Wed Apr 07 08:42:40 2021]: returning 12024 data bytes to client
[Wed Apr 07 08:42:40 2021]: run complete (0.002 s)
[Wed Apr 07 08:42:40 2021]: done running
[Wed Apr 07 08:42:40 2021]: returning (roughly) 505 log bytes to client
[Wed Apr 07 08:43:22 2021]: link received quit message, exiting.
[Wed Apr 07 08:43:22 2021]: link outfifo: waiting for thread to finish...
[Wed Apr 07 08:43:22 2021]: o8core link run time: 143.114 s
[Wed Apr 07 08:43:22 2021]: link outfifo run time: 143.115 s
[Wed Apr 07 08:43:22 2021]: link outfifo: 48096 bytes in, 48096 bytes out
[Wed Apr 07 08:43:22 2021]: all done!
